-------------------------------------------------------------------------------
Test set: com.asterexcrisys.acm.VaultManagerUnitTests
-------------------------------------------------------------------------------
Tests run: 2, Failures: 0, Errors: 2, Skipped: 0, Time elapsed: 0.016 s <<< FAILURE! -- in com.asterexcrisys.acm.VaultManagerUnitTests
com.asterexcrisys.acm.VaultManagerUnitTests.shouldRemoveVaultFromDatabase -- Time elapsed: 0.011 s <<< ERROR!
com.asterexcrisys.acm.exceptions.DerivationException
	at java.base/java.util.Optional.orElseThrow(Optional.java:403)
	at com.asterexcrisys.acm.VaultManager.<init>(VaultManager.java:46)
	at com.asterexcrisys.acm.VaultManagerUnitTests.setUp(VaultManagerUnitTests.java:21)
	Suppressed: java.lang.NullPointerException: Cannot invoke "com.asterexcrisys.acm.VaultManager.close()" because "this.manager" is null
		at com.asterexcrisys.acm.VaultManagerUnitTests.tearDown(VaultManagerUnitTests.java:26)

com.asterexcrisys.acm.VaultManagerUnitTests.shouldAddVaultToDatabase -- Time elapsed: 0.002 s <<< ERROR!
com.asterexcrisys.acm.exceptions.DerivationException
	at java.base/java.util.Optional.orElseThrow(Optional.java:403)
	at com.asterexcrisys.acm.VaultManager.<init>(VaultManager.java:46)
	at com.asterexcrisys.acm.VaultManagerUnitTests.setUp(VaultManagerUnitTests.java:21)
	Suppressed: java.lang.NullPointerException: Cannot invoke "com.asterexcrisys.acm.VaultManager.close()" because "this.manager" is null
		at com.asterexcrisys.acm.VaultManagerUnitTests.tearDown(VaultManagerUnitTests.java:26)

