<?xml version="1.0" encoding="UTF-8"?>
<testsuite xmlns:xsi="http://www.w3.org/2001/XMLSchema-instance" xsi:noNamespaceSchemaLocation="https://maven.apache.org/surefire/maven-surefire-plugin/xsd/surefire-test-report-3.0.xsd" version="3.0" name="com.asterexcrisys.acm.VaultManagerUnitTests" time="0.016" tests="2" errors="2" skipped="0" failures="0">
  <properties>
[...]
</properties>
  <testcase name="shouldRemoveVaultFromDatabase" classname="com.asterexcrisys.acm.VaultManagerUnitTests" time="0.011">
    <error type="com.asterexcrisys.acm.exceptions.DerivationException"><![CDATA[com.asterexcrisys.acm.exceptions.DerivationException
	at java.base/java.util.Optional.orElseThrow(Optional.java:403)
	at com.asterexcrisys.acm.VaultManager.<init>(VaultManager.java:46)
	at com.asterexcrisys.acm.VaultManagerUnitTests.setUp(VaultManagerUnitTests.java:21)
	Suppressed: java.lang.NullPointerException: Cannot invoke "com.asterexcrisys.acm.VaultManager.close()" because "this.manager" is null
		at com.asterexcrisys.acm.VaultManagerUnitTests.tearDown(VaultManagerUnitTests.java:26)
]]></error>
  </testcase>
  <testcase name="shouldAddVaultToDatabase" classname="com.asterexcrisys.acm.VaultManagerUnitTests" time="0.002">
    <error type="com.asterexcrisys.acm.exceptions.DerivationException"><![CDATA[com.asterexcrisys.acm.exceptions.DerivationException
	at java.base/java.util.Optional.orElseThrow(Optional.java:403)
	at com.asterexcrisys.acm.VaultManager.<init>(VaultManager.java:46)
	at com.asterexcrisys.acm.VaultManagerUnitTests.setUp(VaultManagerUnitTests.java:21)
	Suppressed: java.lang.NullPointerException: Cannot invoke "com.asterexcrisys.acm.VaultManager.close()" because "this.manager" is null
		at com.asterexcrisys.acm.VaultManagerUnitTests.tearDown(VaultManagerUnitTests.java:26)
]]></error>
  </testcase>
</testsuite>